Using pre-set license
Built from '2020.3/staging' branch; Version is '2020.3.0f1 (c7b5465681fb) revision 13088070'; Using compiler version '192528614'; Build Type 'Release'
OS: 'Windows 10 Pro; OS build 19043.1165; Version 2009; 64bit' Language: 'en' Physical Memory: 8082 MB
BatchMode: 1, IsHumanControllingUs: 0, StartBugReporterOnCrash: 0, Is64bit: 1, IsPro: 0

 COMMAND LINE ARGUMENTS:
C:\Program Files\Unity\Editor\2020.3.0f1\Editor\Unity.exe
-adb2
-batchMode
-noUpm
-name
AssetImportWorker1
-projectPath
D:/Unity Projects/Airplane
-logFile
Logs/AssetImportWorker1.log
-srvPort
14439
Successfully changed project path to: D:/Unity Projects/Airplane
D:/Unity Projects/Airplane
Using Asset Import Pipeline V2.
Refreshing native plugins compatible for Editor in 33.84 ms, found 0 plugins.
Preloading 0 native plugins for Editor in 0.00 ms.
Initialize engine version: 2020.3.0f1 (c7b5465681fb)
[Subsystems] Discovering subsystems at path C:/Program Files/Unity/Editor/2020.3.0f1/Editor/Data/Resources/UnitySubsystems
[Subsystems] Discovering subsystems at path D:/Unity Projects/Airplane/Assets
GfxDevice: creating device client; threaded=0
Direct3D:
    Version:  Direct3D 11.0 [level 11.0]
    Renderer: NVIDIA GeForce GT 630M (ID=0xde9)
    Vendor:   
    VRAM:     1990 MB
    Driver:   23.21.13.9135
Initialize mono
Mono path[0] = 'C:/Program Files/Unity/Editor/2020.3.0f1/Editor/Data/Managed'
Mono path[1] = 'C:/Program Files/Unity/Editor/2020.3.0f1/Editor/Data/MonoBleedingEdge/lib/mono/unityjit'
Mono config path = 'C:/Program Files/Unity/Editor/2020.3.0f1/Editor/Data/MonoBleedingEdge/etc'
Using monoOptions --debugger-agent=transport=dt_socket,embedding=1,server=y,suspend=n,address=127.0.0.1:56176
Begin MonoManager ReloadAssembly
Registering precompiled unity dll's ...
Register platform support module: C:/Program Files/Unity/Editor/2020.3.0f1/Editor/Data/PlaybackEngines/WebGLSupport/UnityEditor.WebGL.Extensions.dll
Register platform support module: C:/Program Files/Unity/Editor/2020.3.0f1/Editor/Data/PlaybackEngines/WindowsStandaloneSupport/UnityEditor.WindowsStandalone.Extensions.dll
Registered in 0.036470 seconds.
Native extension for WindowsStandalone target not found
Native extension for WebGL target not found
Refreshing native plugins compatible for Editor in 32.99 ms, found 0 plugins.
Preloading 0 native plugins for Editor in 0.00 ms.
Invoked RoslynAnalysisRunner static constructor.
RoslynAnalysisRunner will not be running.
RoslynAnalysisRunner has terminated.
Mono: successfully reloaded assembly
- Completed reload, in  3.673 seconds
Platform modules already initialized, skipping
Registering precompiled user dll's ...
Registered in 0.000778 seconds.
Begin MonoManager ReloadAssembly
Native extension for WindowsStandalone target not found
Native extension for WebGL target not found
Refreshing native plugins compatible for Editor in 0.31 ms, found 0 plugins.
Preloading 0 native plugins for Editor in 0.00 ms.
Invoked RoslynAnalysisRunner static constructor.
RoslynAnalysisRunner will not be running.
RoslynAnalysisRunner has terminated.
Mono: successfully reloaded assembly
- Completed reload, in  1.211 seconds
Platform modules already initialized, skipping
========================================================================
Worker process is ready to serve import requests
Launched and connected shader compiler UnityShaderCompiler.exe after 0.05 seconds
Refreshing native plugins compatible for Editor in 0.27 ms, found 0 plugins.
Preloading 0 native plugins for Editor in 0.00 ms.
Unloading 1116 Unused Serialized files (Serialized files now loaded: 0)
System memory in use before: 57.2 MB.
System memory in use after: 57.2 MB.

Unloading 10 unused Assets to reduce memory usage. Loaded Objects now: 1559.
Total: 2.429500 ms (FindLiveObjects: 0.202800 ms CreateObjectMapping: 0.115600 ms MarkObjects: 2.007300 ms  DeleteObjects: 0.102000 ms)

========================================================================
Received Import Request.
  path: Assets/Course Library/Vehicles/Planes/Small_Plane02.prefab
  artifactKey: Guid(af29f0ea7e5403641b3b244ede69c374) Importer(815301076,1909f56bfc062723c751e8b465ee728b)
Start importing Assets/Course Library/Vehicles/Planes/Small_Plane02.prefab using Guid(af29f0ea7e5403641b3b244ede69c374) Importer(815301076,1909f56bfc062723c751e8b465ee728b)  -> (artifact id: 'a92faa00685afd9af43aa6d0dd1944fd') in 1.015988 seconds
  Import took 1.018768 seconds .

========================================================================
Received Prepare
Registering precompiled user dll's ...
Registered in 0.000715 seconds.
Begin MonoManager ReloadAssembly
Native extension for WindowsStandalone target not found
Native extension for WebGL target not found
Refreshing native plugins compatible for Editor in 0.33 ms, found 0 plugins.
Preloading 0 native plugins for Editor in 0.00 ms.
Invoked RoslynAnalysisRunner static constructor.
RoslynAnalysisRunner will not be running.
RoslynAnalysisRunner has terminated.
Mono: successfully reloaded assembly
- Completed reload, in  1.246 seconds
Platform modules already initialized, skipping
Refreshing native plugins compatible for Editor in 0.27 ms, found 0 plugins.
Preloading 0 native plugins for Editor in 0.00 ms.
Unloading 1111 Unused Serialized files (Serialized files now loaded: 0)
System memory in use before: 60.3 MB.
System memory in use after: 60.3 MB.

Unloading 5 unused Assets to reduce memory usage. Loaded Objects now: 1569.
Total: 2.428300 ms (FindLiveObjects: 0.243800 ms CreateObjectMapping: 0.090100 ms MarkObjects: 2.021600 ms  DeleteObjects: 0.070300 ms)

========================================================================
Received Prepare
Registering precompiled user dll's ...
Registered in 0.000725 seconds.
Begin MonoManager ReloadAssembly
Native extension for WindowsStandalone target not found
Native extension for WebGL target not found
Refreshing native plugins compatible for Editor in 0.27 ms, found 0 plugins.
Preloading 0 native plugins for Editor in 0.00 ms.
Invoked RoslynAnalysisRunner static constructor.
RoslynAnalysisRunner will not be running.
RoslynAnalysisRunner has terminated.
Mono: successfully reloaded assembly
- Completed reload, in  1.140 seconds
Platform modules already initialized, skipping
Refreshing native plugins compatible for Editor in 0.27 ms, found 0 plugins.
Preloading 0 native plugins for Editor in 0.00 ms.
Unloading 1111 Unused Serialized files (Serialized files now loaded: 0)
System memory in use before: 60.3 MB.
System memory in use after: 60.4 MB.

Unloading 5 unused Assets to reduce memory usage. Loaded Objects now: 1572.
Total: 2.958200 ms (FindLiveObjects: 0.199100 ms CreateObjectMapping: 0.114400 ms MarkObjects: 2.571600 ms  DeleteObjects: 0.071000 ms)

========================================================================
Received Prepare
Registering precompiled user dll's ...
Registered in 0.055936 seconds.
Begin MonoManager ReloadAssembly
Native extension for WindowsStandalone target not found
Native extension for WebGL target not found
Refreshing native plugins compatible for Editor in 0.31 ms, found 0 plugins.
Preloading 0 native plugins for Editor in 0.00 ms.
Invoked RoslynAnalysisRunner static constructor.
RoslynAnalysisRunner will not be running.
RoslynAnalysisRunner has terminated.
Mono: successfully reloaded assembly
- Completed reload, in  3.378 seconds
Platform modules already initialized, skipping
Refreshing native plugins compatible for Editor in 0.29 ms, found 0 plugins.
Preloading 0 native plugins for Editor in 0.00 ms.
Unloading 1111 Unused Serialized files (Serialized files now loaded: 0)
System memory in use before: 60.3 MB.
System memory in use after: 60.4 MB.

Unloading 5 unused Assets to reduce memory usage. Loaded Objects now: 1575.
Total: 3.303200 ms (FindLiveObjects: 0.196500 ms CreateObjectMapping: 0.103500 ms MarkObjects: 2.833600 ms  DeleteObjects: 0.167600 ms)

========================================================================
Received Prepare
Registering precompiled user dll's ...
Registered in 0.000676 seconds.
Begin MonoManager ReloadAssembly
Native extension for WindowsStandalone target not found
Native extension for WebGL target not found
Refreshing native plugins compatible for Editor in 0.28 ms, found 0 plugins.
Preloading 0 native plugins for Editor in 0.00 ms.
Invoked RoslynAnalysisRunner static constructor.
RoslynAnalysisRunner will not be running.
RoslynAnalysisRunner has terminated.
Mono: successfully reloaded assembly
- Completed reload, in  1.103 seconds
Platform modules already initialized, skipping
Refreshing native plugins compatible for Editor in 0.27 ms, found 0 plugins.
Preloading 0 native plugins for Editor in 0.00 ms.
Unloading 1111 Unused Serialized files (Serialized files now loaded: 0)
System memory in use before: 60.4 MB.
System memory in use after: 60.4 MB.

Unloading 5 unused Assets to reduce memory usage. Loaded Objects now: 1578.
Total: 2.422600 ms (FindLiveObjects: 0.180700 ms CreateObjectMapping: 0.094500 ms MarkObjects: 2.065700 ms  DeleteObjects: 0.079800 ms)

========================================================================
Received Prepare
Registering precompiled user dll's ...
Registered in 0.000808 seconds.
Begin MonoManager ReloadAssembly
Native extension for WindowsStandalone target not found
Native extension for WebGL target not found
Refreshing native plugins compatible for Editor in 0.32 ms, found 0 plugins.
Preloading 0 native plugins for Editor in 0.00 ms.
Invoked RoslynAnalysisRunner static constructor.
RoslynAnalysisRunner will not be running.
RoslynAnalysisRunner has terminated.
Mono: successfully reloaded assembly
- Completed reload, in  1.719 seconds
Platform modules already initialized, skipping
Refreshing native plugins compatible for Editor in 0.38 ms, found 0 plugins.
Preloading 0 native plugins for Editor in 0.00 ms.
Unloading 1111 Unused Serialized files (Serialized files now loaded: 0)
System memory in use before: 60.4 MB.
System memory in use after: 60.5 MB.

Unloading 5 unused Assets to reduce memory usage. Loaded Objects now: 1581.
Total: 3.263700 ms (FindLiveObjects: 0.211900 ms CreateObjectMapping: 0.082300 ms MarkObjects: 2.753900 ms  DeleteObjects: 0.212500 ms)

========================================================================
Received Prepare
Registering precompiled user dll's ...
Registered in 0.000807 seconds.
Begin MonoManager ReloadAssembly
Native extension for WindowsStandalone target not found
Native extension for WebGL target not found
Refreshing native plugins compatible for Editor in 0.30 ms, found 0 plugins.
Preloading 0 native plugins for Editor in 0.00 ms.
Invoked RoslynAnalysisRunner static constructor.
RoslynAnalysisRunner will not be running.
RoslynAnalysisRunner has terminated.
Mono: successfully reloaded assembly
- Completed reload, in  1.081 seconds
Platform modules already initialized, skipping
Refreshing native plugins compatible for Editor in 0.27 ms, found 0 plugins.
Preloading 0 native plugins for Editor in 0.00 ms.
Unloading 1111 Unused Serialized files (Serialized files now loaded: 0)
System memory in use before: 60.4 MB.
System memory in use after: 60.5 MB.

Unloading 5 unused Assets to reduce memory usage. Loaded Objects now: 1584.
Total: 2.681300 ms (FindLiveObjects: 0.339200 ms CreateObjectMapping: 0.113400 ms MarkObjects: 2.151400 ms  DeleteObjects: 0.075300 ms)

========================================================================
Received Prepare
Registering precompiled user dll's ...
Registered in 0.000723 seconds.
Begin MonoManager ReloadAssembly
Native extension for WindowsStandalone target not found
Native extension for WebGL target not found
Refreshing native plugins compatible for Editor in 0.30 ms, found 0 plugins.
Preloading 0 native plugins for Editor in 0.00 ms.
Invoked RoslynAnalysisRunner static constructor.
RoslynAnalysisRunner will not be running.
RoslynAnalysisRunner has terminated.
Mono: successfully reloaded assembly
- Completed reload, in  1.105 seconds
Platform modules already initialized, skipping
Refreshing native plugins compatible for Editor in 0.26 ms, found 0 plugins.
Preloading 0 native plugins for Editor in 0.00 ms.
Unloading 1111 Unused Serialized files (Serialized files now loaded: 0)
System memory in use before: 60.4 MB.
System memory in use after: 60.5 MB.

Unloading 5 unused Assets to reduce memory usage. Loaded Objects now: 1587.
Total: 2.147000 ms (FindLiveObjects: 0.170600 ms CreateObjectMapping: 0.076400 ms MarkObjects: 1.828100 ms  DeleteObjects: 0.070000 ms)

========================================================================
Received Prepare
Registering precompiled user dll's ...
Registered in 0.000710 seconds.
Begin MonoManager ReloadAssembly
Native extension for WindowsStandalone target not found
Native extension for WebGL target not found
Refreshing native plugins compatible for Editor in 0.30 ms, found 0 plugins.
Preloading 0 native plugins for Editor in 0.00 ms.
Invoked RoslynAnalysisRunner static constructor.
RoslynAnalysisRunner will not be running.
RoslynAnalysisRunner has terminated.
Mono: successfully reloaded assembly
- Completed reload, in  1.093 seconds
Platform modules already initialized, skipping
Refreshing native plugins compatible for Editor in 0.27 ms, found 0 plugins.
Preloading 0 native plugins for Editor in 0.00 ms.
Unloading 1111 Unused Serialized files (Serialized files now loaded: 0)
System memory in use before: 60.4 MB.
System memory in use after: 60.5 MB.

Unloading 5 unused Assets to reduce memory usage. Loaded Objects now: 1590.
Total: 2.272900 ms (FindLiveObjects: 0.204700 ms CreateObjectMapping: 0.073500 ms MarkObjects: 1.923800 ms  DeleteObjects: 0.068800 ms)

========================================================================
Received Prepare
Registering precompiled user dll's ...
Registered in 0.000885 seconds.
Begin MonoManager ReloadAssembly
Native extension for WindowsStandalone target not found
Native extension for WebGL target not found
Refreshing native plugins compatible for Editor in 0.27 ms, found 0 plugins.
Preloading 0 native plugins for Editor in 0.00 ms.
Invoked RoslynAnalysisRunner static constructor.
RoslynAnalysisRunner will not be running.
RoslynAnalysisRunner has terminated.
Mono: successfully reloaded assembly
- Completed reload, in  1.118 seconds
Platform modules already initialized, skipping
Refreshing native plugins compatible for Editor in 0.29 ms, found 0 plugins.
Preloading 0 native plugins for Editor in 0.00 ms.
Unloading 1111 Unused Serialized files (Serialized files now loaded: 0)
System memory in use before: 60.4 MB.
System memory in use after: 60.5 MB.

Unloading 5 unused Assets to reduce memory usage. Loaded Objects now: 1593.
Total: 2.544000 ms (FindLiveObjects: 0.199800 ms CreateObjectMapping: 0.106000 ms MarkObjects: 2.144900 ms  DeleteObjects: 0.091000 ms)

========================================================================
Received Import Request.
  Time since last request: 12997.042449 seconds.
  path: Assets/Scenes/SampleScene.unity
  artifactKey: Guid(9fc0d4010bbf28b4594072e72b8655ab) Importer(815301076,1909f56bfc062723c751e8b465ee728b)
Start importing Assets/Scenes/SampleScene.unity using Guid(9fc0d4010bbf28b4594072e72b8655ab) Importer(815301076,1909f56bfc062723c751e8b465ee728b)  -> (artifact id: 'f0b81c1a3efb1a8400c214c360c39b12') in 0.053657 seconds
  Import took 0.057146 seconds .

========================================================================
Received Import Request.
  Time since last request: 248.389568 seconds.
  path: Assets/Challenge 1/_Source_Files/Materials
  artifactKey: Guid(b787d51e07aaf4afa8847af48e71e8a4) Importer(815301076,1909f56bfc062723c751e8b465ee728b)
Start importing Assets/Challenge 1/_Source_Files/Materials using Guid(b787d51e07aaf4afa8847af48e71e8a4) Importer(815301076,1909f56bfc062723c751e8b465ee728b)  -> (artifact id: 'd2e3c1257f8e6056e47d67ba44fb6505') in 0.009181 seconds
  Import took 0.048855 seconds .

========================================================================
Received Import Request.
  Time since last request: 0.352723 seconds.
  path: Assets/Course Library/Vehicles
  artifactKey: Guid(844e6d161092f81469eaed96f04deab2) Importer(815301076,1909f56bfc062723c751e8b465ee728b)
Start importing Assets/Course Library/Vehicles using Guid(844e6d161092f81469eaed96f04deab2) Importer(815301076,1909f56bfc062723c751e8b465ee728b)  -> (artifact id: 'c48b9ef39586db19ead6b3729e1e6fa9') in 0.008429 seconds
  Import took 0.152991 seconds .

========================================================================
Received Import Request.
  Time since last request: 0.385610 seconds.
  path: Assets/Course Library
  artifactKey: Guid(8a300a262a6e7bc42a9dd7115e8f463d) Importer(815301076,1909f56bfc062723c751e8b465ee728b)
Start importing Assets/Course Library using Guid(8a300a262a6e7bc42a9dd7115e8f463d) Importer(815301076,1909f56bfc062723c751e8b465ee728b)  -> (artifact id: 'ff2ed82d4675257ea35e168526a7d6d5') in 0.007832 seconds
  Import took 0.028527 seconds .

========================================================================
Received Import Request.
  Time since last request: 0.076963 seconds.
  path: Assets/Course Library/Sky
  artifactKey: Guid(337013841622fa74d9ddea9397fc1c9f) Importer(815301076,1909f56bfc062723c751e8b465ee728b)
Start importing Assets/Course Library/Sky using Guid(337013841622fa74d9ddea9397fc1c9f) Importer(815301076,1909f56bfc062723c751e8b465ee728b)  -> (artifact id: 'd1d0354e8c9eb4ec7694c817136cbf8b') in 0.008966 seconds
  Import took 0.034335 seconds .

========================================================================
Received Import Request.
  Time since last request: 0.220104 seconds.
  path: Assets/Scenes
  artifactKey: Guid(4993ccd088d0a8f42b8d5f4cee91ceca) Importer(815301076,1909f56bfc062723c751e8b465ee728b)
Start importing Assets/Scenes using Guid(4993ccd088d0a8f42b8d5f4cee91ceca) Importer(815301076,1909f56bfc062723c751e8b465ee728b)  -> (artifact id: '53b5cdfce1184332d6fbbdb5d0fca4ac') in 0.008204 seconds
  Import took 0.042287 seconds .

========================================================================
Received Import Request.
  Time since last request: 0.091343 seconds.
  path: Assets/Challenge 1
  artifactKey: Guid(76c4151b200124c0ca7b9eb615ff5846) Importer(815301076,1909f56bfc062723c751e8b465ee728b)
Start importing Assets/Challenge 1 using Guid(76c4151b200124c0ca7b9eb615ff5846) Importer(815301076,1909f56bfc062723c751e8b465ee728b)  -> (artifact id: '5d2f5b7401ddc5d6d71275a0b38dd85c') in 0.008240 seconds
  Import took 0.026359 seconds .

========================================================================
Received Import Request.
  Time since last request: 0.008444 seconds.
  path: Assets/Challenge 1/_Source_Files
  artifactKey: Guid(ab37f46732fae4a0fb02712a6d036f7c) Importer(815301076,1909f56bfc062723c751e8b465ee728b)
Start importing Assets/Challenge 1/_Source_Files using Guid(ab37f46732fae4a0fb02712a6d036f7c) Importer(815301076,1909f56bfc062723c751e8b465ee728b)  -> (artifact id: '34cfaf98355fd683aeca5fbd1bc64925') in 0.008002 seconds
  Import took 0.010980 seconds .

========================================================================
Received Import Request.
  Time since last request: 0.017194 seconds.
  path: Assets/Challenge 1/Scripts/PlayerControllerX.cs
  artifactKey: Guid(0232a093d67e448b7a80e945acf8e227) Importer(815301076,1909f56bfc062723c751e8b465ee728b)
Start importing Assets/Challenge 1/Scripts/PlayerControllerX.cs using Guid(0232a093d67e448b7a80e945acf8e227) Importer(815301076,1909f56bfc062723c751e8b465ee728b)  -> (artifact id: '5c29f085148b8654bc0c43c8b811979c') in 0.136529 seconds
  Import took 0.139156 seconds .

========================================================================
Received Import Request.
  Time since last request: 0.009074 seconds.
  path: Assets/Course Library/_Source_Files/Materials
  artifactKey: Guid(fb5521824d1b7fb429c2b3ade4b44cdc) Importer(815301076,1909f56bfc062723c751e8b465ee728b)
Start importing Assets/Course Library/_Source_Files/Materials using Guid(fb5521824d1b7fb429c2b3ade4b44cdc) Importer(815301076,1909f56bfc062723c751e8b465ee728b)  -> (artifact id: '6f6d423cd368e942c7563e46c00528c8') in 0.001983 seconds
  Import took 0.004566 seconds .

========================================================================
Received Import Request.
  Time since last request: 0.220191 seconds.
  path: Assets/Course Library/_Source_Files/Misc
  artifactKey: Guid(8cbf5ff2102eb094091f44763e6bacd7) Importer(815301076,1909f56bfc062723c751e8b465ee728b)
Start importing Assets/Course Library/_Source_Files/Misc using Guid(8cbf5ff2102eb094091f44763e6bacd7) Importer(815301076,1909f56bfc062723c751e8b465ee728b)  -> (artifact id: 'faf571361aa790fde7ffc6fbb9249393') in 0.008211 seconds
  Import took 0.011541 seconds .

========================================================================
Received Import Request.
  Time since last request: 0.008020 seconds.
  path: Assets/Course Library/_Source_Files/FBX
  artifactKey: Guid(674f1e35f1c7b2348a00239676f9971f) Importer(815301076,1909f56bfc062723c751e8b465ee728b)
Start importing Assets/Course Library/_Source_Files/FBX using Guid(674f1e35f1c7b2348a00239676f9971f) Importer(815301076,1909f56bfc062723c751e8b465ee728b)  -> (artifact id: '2e6385465b2ebd84cde0c68c79042b47') in 0.008078 seconds
  Import took 0.029355 seconds .

========================================================================
Received Import Request.
  Time since last request: 0.003829 seconds.
  path: Assets/Course Library/_Source_Files/Materials/Skybox_Diff.mat
  artifactKey: Guid(3ac06fe937f6ac94cbccf4fecc497569) Importer(815301076,1909f56bfc062723c751e8b465ee728b)
Start importing Assets/Course Library/_Source_Files/Materials/Skybox_Diff.mat using Guid(3ac06fe937f6ac94cbccf4fecc497569) Importer(815301076,1909f56bfc062723c751e8b465ee728b)  -> (artifact id: '26fbd3dd1cfe808104b9bf68d0a44f92') in 1.264592 seconds
  Import took 1.289890 seconds .

========================================================================
Received Import Request.
  Time since last request: 0.114549 seconds.
  path: Assets/Challenge 1/Challenge 1.unity
  artifactKey: Guid(b6cc3e14dbc3342c8ab192babf679766) Importer(815301076,1909f56bfc062723c751e8b465ee728b)
Start importing Assets/Challenge 1/Challenge 1.unity using Guid(b6cc3e14dbc3342c8ab192babf679766) Importer(815301076,1909f56bfc062723c751e8b465ee728b)  -> (artifact id: '4cc65b6408fbbc6dabfd57664ade25b9') in 0.011064 seconds
  Import took 0.031218 seconds .

========================================================================
Received Import Request.
  Time since last request: 0.024958 seconds.
  path: Assets/Course Library/Vehicles/Planes
  artifactKey: Guid(6e8f32980a4e7a344a25f215b6a0f96b) Importer(815301076,1909f56bfc062723c751e8b465ee728b)
Start importing Assets/Course Library/Vehicles/Planes using Guid(6e8f32980a4e7a344a25f215b6a0f96b) Importer(815301076,1909f56bfc062723c751e8b465ee728b)  -> (artifact id: 'fe6668d6976aaa2e0625ac10950046c9') in 0.008992 seconds
  Import took 0.011863 seconds .

========================================================================
Received Import Request.
  Time since last request: 0.455329 seconds.
  path: Assets/Challenge 1/Instructions
  artifactKey: Guid(05534b528de7845f0917a1c820f252e2) Importer(815301076,1909f56bfc062723c751e8b465ee728b)
Start importing Assets/Challenge 1/Instructions using Guid(05534b528de7845f0917a1c820f252e2) Importer(815301076,1909f56bfc062723c751e8b465ee728b)  -> (artifact id: 'ffc8d900f2f31fd595b8c3e49b47d8f8') in 0.008943 seconds
  Import took 0.011548 seconds .

========================================================================
Received Import Request.
  Time since last request: 0.105781 seconds.
  path: Assets/Course Library/_Source_Files/Textures
  artifactKey: Guid(8264366fb75856e48a10af1f9bcf7e04) Importer(815301076,1909f56bfc062723c751e8b465ee728b)
Start importing Assets/Course Library/_Source_Files/Textures using Guid(8264366fb75856e48a10af1f9bcf7e04) Importer(815301076,1909f56bfc062723c751e8b465ee728b)  -> (artifact id: '88fe50910a32e48c600ad523ea82bc80') in 0.007099 seconds
  Import took 0.010202 seconds .

========================================================================
Received Import Request.
  Time since last request: 0.056703 seconds.
  path: Assets/Course Library/_Source_Files
  artifactKey: Guid(57419dc5d56d69e469cab42351cda037) Importer(815301076,1909f56bfc062723c751e8b465ee728b)
Start importing Assets/Course Library/_Source_Files using Guid(57419dc5d56d69e469cab42351cda037) Importer(815301076,1909f56bfc062723c751e8b465ee728b)  -> (artifact id: 'de68b22c51034efe6fd59a79468509c7') in 0.015394 seconds
  Import took 0.032654 seconds .

========================================================================
Received Import Request.
  Time since last request: 0.077256 seconds.
  path: Assets/Challenge 1/Scripts/FollowPlayerX.cs
  artifactKey: Guid(573453567e55b468d959b66ab676a102) Importer(815301076,1909f56bfc062723c751e8b465ee728b)
Start importing Assets/Challenge 1/Scripts/FollowPlayerX.cs using Guid(573453567e55b468d959b66ab676a102) Importer(815301076,1909f56bfc062723c751e8b465ee728b)  -> (artifact id: '79d88bbb5f23ca905b9a66b400e138c3') in 0.006823 seconds
  Import took 0.022217 seconds .

AssetImportWorkerClient::OnTransportError - code=2 error=End of file
